%!Adobe-FontList 1.24
%Locale:0x409

%BeginFont
Handler:DirectoryHandler
FontType:Invalid
OutlineFileName:/Users/stinerorbech/Documents/KEA/2. sem/E24/T9/InDesign tutorial/GirlTalk Folder/Document fonts/AdobeFnt24.lst
FileLength:3155
FileModTime:752407051
%EndFont

%BeginFont
Handler:DirectoryHandler
FontType:TrueType
FontName:ArchivoCondensed-Bold
FamilyName:Archivo Condensed
StyleName:Bold
MenuName:Archivo Condensed
StyleBits:2
WeightClass:700
WidthClass:3
AngleClass:0
FullName:Archivo Condensed Bold
WritingScript:Roman
OutlineFileName:/Users/stinerorbech/Documents/KEA/2. sem/E24/T9/InDesign tutorial/GirlTalk Folder/Document fonts/Archivo_Condensed-Bold.ttf
DataFormat:sfntData
hasSVG:no
hasSBIX:no
hasCOLR:no
VariableFontType:NonVariableFont
FileLength:120400
FileModTime:716423238
NameArray:0,Win,1,Archivo Condensed
NameArray:0,Win,16,Archivo Condensed
%EndFont

%BeginFont
Handler:DirectoryHandler
FontType:TrueType
FontName:ArchivoCondensed-Medium
FamilyName:Archivo Condensed
StyleName:Medium
MenuName:Archivo Condensed Medium
StyleBits:0
WeightClass:500
WidthClass:3
AngleClass:0
FullName:Archivo Condensed Medium
WritingScript:Roman
OutlineFileName:/Users/stinerorbech/Documents/KEA/2. sem/E24/T9/InDesign tutorial/GirlTalk Folder/Document fonts/Archivo_Condensed-Medium.ttf
DataFormat:sfntData
hasSVG:no
hasSBIX:no
hasCOLR:no
VariableFontType:NonVariableFont
FileLength:120488
FileModTime:716423238
NameArray:0,Win,1,Archivo Condensed Medium
NameArray:0,Win,16,Archivo Condensed
%EndFont

%BeginFont
Handler:DirectoryHandler
FontType:TrueType
FontName:ArchivoCondensed-Regular
FamilyName:Archivo Condensed
StyleName:Regular
MenuName:Archivo Condensed
StyleBits:0
WeightClass:400
WidthClass:3
AngleClass:0
FullName:Archivo Condensed Regular
WritingScript:Roman
OutlineFileName:/Users/stinerorbech/Documents/KEA/2. sem/E24/T9/InDesign tutorial/GirlTalk Folder/Document fonts/Archivo_Condensed-Regular.ttf
DataFormat:sfntData
hasSVG:no
hasSBIX:no
hasCOLR:no
VariableFontType:NonVariableFont
FileLength:119040
FileModTime:716423238
NameArray:0,Win,1,Archivo Condensed
NameArray:0,Win,16,Archivo Condensed
%EndFont

%BeginFont
Handler:DirectoryHandler
FontType:TrueType
FontName:ArchivoCondensed-SemiBold
FamilyName:Archivo Condensed
StyleName:SemiBold
MenuName:Archivo Condensed SemiBold
StyleBits:0
WeightClass:600
WidthClass:3
AngleClass:0
FullName:Archivo Condensed SemiBold
WritingScript:Roman
OutlineFileName:/Users/stinerorbech/Documents/KEA/2. sem/E24/T9/InDesign tutorial/GirlTalk Folder/Document fonts/Archivo_Condensed-SemiBold.ttf
DataFormat:sfntData
hasSVG:no
hasSBIX:no
hasCOLR:no
VariableFontType:NonVariableFont
FileLength:120308
FileModTime:716423238
NameArray:0,Win,1,Archivo Condensed SemiBold
NameArray:0,Win,16,Archivo Condensed
%EndFont

%BeginFont
Handler:DirectoryHandler
FontType:Type1
FontName:MinionPro-Regular
FamilyName:Minion Pro
StyleName:Regular
MenuName:Minion Pro
StyleBits:0
WeightClass:400
WidthClass:5
AngleClass:0
FullName:Minion Pro
WritingScript:Roman
OutlineFileName:/Users/stinerorbech/Documents/KEA/2. sem/E24/T9/InDesign tutorial/GirlTalk Folder/Document fonts/MinionPro-Regular.otf
DataFormat:sfntData
UsesStandardEncoding:yes
isCFF:yes
hasSVG:no
hasSBIX:no
hasCOLR:no
VariableFontType:NonVariableFont
FileLength:218640
FileModTime:394238162
DesignSize:110
NameArray:0,Mac,4,Minion Pro
NameArray:0,Win,1,Minion Pro
%EndFont

